# JRE version: OpenJDK Runtime Environment (21.0.4) (build 21.0.4+-12508038-b607.1)
# Java VM: OpenJDK 64-Bit Server VM (21.0.4+-12508038-b607.1, mixed mode, tiered, compressed oops, compressed class ptrs, g1 gc, windows-amd64)
GC Precious Log:
 CardTable entry size: 512
 Card Set container configuration: InlinePtr #cards 5 size 8 Array Of Cards #cards 12 size 40 Howl #buckets 4 coarsen threshold 1843 Howl Bitmap #cards 512 size 80 coarsen threshold 460 Card regions per heap region 1 cards per card region 2048
 CPUs: 8 total, 8 available
 Memory: 8035M
 Large Page Support: Disabled
 NUMA Support: Disabled
 Compressed Oops: Enabled (32-bit)
 Heap Region Size: 1M
 Heap Min Capacity: 8M
 Heap Initial Capacity: 126M
 Heap Max Capacity: 2G
 Pre-touch: Disabled
 Parallel Workers: 8
 Concurrent Workers: 2
 Concurrent Refinement Workers: 8
 Periodic GC: Disabled
Heap:
 garbage-first heap   total 133120K, used 90184K [0x0000000080000000, 0x0000000100000000)
  region size 1024K, 14 young (14336K), 4 survivors (4096K)
 Metaspace       used 71070K, committed 72896K, reserved 1114112K
  class space    used 9736K, committed 10624K, reserved 1048576K
GC Heap History (20 events):
Event: 9.997 GC heap before
{Heap before GC invocations=9 (full 0):
 garbage-first heap   total 94208K, used 76844K [0x0000000080000000, 0x0000000100000000)
  region size 1024K, 34 young (34816K), 2 survivors (2048K)
 Metaspace       used 39800K, committed 40896K, reserved 1114112K
  class space    used 5452K, committed 6016K, reserved 1048576K
}
Event: 10.003 GC heap after
{Heap after GC invocations=10 (full 0):
 garbage-first heap   total 94208K, used 45241K [0x0000000080000000, 0x0000000100000000)
  region size 1024K, 3 young (3072K), 3 survivors (3072K)
 Metaspace       used 39800K, committed 40896K, reserved 1114112K
  class space    used 5452K, committed 6016K, reserved 1048576K
}
Event: 11.146 GC heap before
{Heap before GC invocations=10 (full 0):
 garbage-first heap   total 94208K, used 79033K [0x0000000080000000, 0x0000000100000000)
  region size 1024K, 36 young (36864K), 3 survivors (3072K)
 Metaspace       used 44883K, committed 46208K, reserved 1114112K
  class space    used 6189K, committed 6848K, reserved 1048576K
}
Event: 11.159 GC heap after
{Heap after GC invocations=11 (full 0):
 garbage-first heap   total 94208K, used 47150K [0x0000000080000000, 0x0000000100000000)
  region size 1024K, 5 young (5120K), 5 survivors (5120K)
 Metaspace       used 44883K, committed 46208K, reserved 1114112K
  class space    used 6189K, committed 6848K, reserved 1048576K
}
Event: 12.262 GC heap before
{Heap before GC invocations=11 (full 0):
 garbage-first heap   total 94208K, used 79918K [0x0000000080000000, 0x0000000100000000)
  region size 1024K, 38 young (38912K), 5 survivors (5120K)
 Metaspace       used 49152K, committed 50368K, reserved 1114112K
  class space    used 6634K, committed 7232K, reserved 1048576K
}
Event: 12.272 GC heap after
{Heap after GC invocations=12 (full 0):
 garbage-first heap   total 94208K, used 51043K [0x0000000080000000, 0x0000000100000000)
  region size 1024K, 5 young (5120K), 5 survivors (5120K)
 Metaspace       used 49152K, committed 50368K, reserved 1114112K
  class space    used 6634K, committed 7232K, reserved 1048576K
}
Event: 13.150 GC heap before
{Heap before GC invocations=13 (full 0):
 garbage-first heap   total 94208K, used 85859K [0x0000000080000000, 0x0000000100000000)
  region size 1024K, 35 young (35840K), 5 survivors (5120K)
 Metaspace       used 52908K, committed 54400K, reserved 1114112K
  class space    used 7096K, committed 7872K, reserved 1048576K
}
Event: 13.170 GC heap after
{Heap after GC invocations=14 (full 0):
 garbage-first heap   total 96256K, used 54402K [0x0000000080000000, 0x0000000100000000)
  region size 1024K, 3 young (3072K), 3 survivors (3072K)
 Metaspace       used 52908K, committed 54400K, reserved 1114112K
  class space    used 7096K, committed 7872K, reserved 1048576K
}
Event: 14.301 GC heap before
{Heap before GC invocations=14 (full 0):
 garbage-first heap   total 96256K, used 87170K [0x0000000080000000, 0x0000000100000000)
  region size 1024K, 33 young (33792K), 3 survivors (3072K)
 Metaspace       used 56109K, committed 57600K, reserved 1114112K
  class space    used 7631K, committed 8384K, reserved 1048576K
}
Event: 14.313 GC heap after
{Heap after GC invocations=15 (full 0):
 garbage-first heap   total 96256K, used 59889K [0x0000000080000000, 0x0000000100000000)
  region size 1024K, 4 young (4096K), 4 survivors (4096K)
 Metaspace       used 56109K, committed 57600K, reserved 1114112K
  class space    used 7631K, committed 8384K, reserved 1048576K
}
Event: 14.538 GC heap before
{Heap before GC invocations=15 (full 0):
 garbage-first heap   total 96256K, used 70129K [0x0000000080000000, 0x0000000100000000)
  region size 1024K, 15 young (15360K), 4 survivors (4096K)
 Metaspace       used 56295K, committed 57792K, reserved 1114112K
  class space    used 7637K, committed 8384K, reserved 1048576K
}
Event: 14.544 GC heap after
{Heap after GC invocations=16 (full 0):
 garbage-first heap   total 115712K, used 62031K [0x0000000080000000, 0x0000000100000000)
  region size 1024K, 3 young (3072K), 3 survivors (3072K)
 Metaspace       used 56295K, committed 57792K, reserved 1114112K
  class space    used 7637K, committed 8384K, reserved 1048576K
}
Event: 15.735 GC heap before
{Heap before GC invocations=17 (full 0):
 garbage-first heap   total 115712K, used 114255K [0x0000000080000000, 0x0000000100000000)
  region size 1024K, 41 young (41984K), 3 survivors (3072K)
 Metaspace       used 58715K, committed 60288K, reserved 1114112K
  class space    used 7862K, committed 8640K, reserved 1048576K
}
Event: 15.750 GC heap after
{Heap after GC invocations=18 (full 0):
 garbage-first heap   total 121856K, used 77363K [0x0000000080000000, 0x0000000100000000)
  region size 1024K, 6 young (6144K), 6 survivors (6144K)
 Metaspace       used 58715K, committed 60288K, reserved 1114112K
  class space    used 7862K, committed 8640K, reserved 1048576K
}
Event: 17.192 GC heap before
{Heap before GC invocations=18 (full 0):
 garbage-first heap   total 121856K, used 108083K [0x0000000080000000, 0x0000000100000000)
  region size 1024K, 36 young (36864K), 6 survivors (6144K)
 Metaspace       used 62351K, committed 64064K, reserved 1114112K
  class space    used 8380K, committed 9216K, reserved 1048576K
}
Event: 17.203 GC heap after
{Heap after GC invocations=19 (full 0):
 garbage-first heap   total 121856K, used 77467K [0x0000000080000000, 0x0000000100000000)
  region size 1024K, 2 young (2048K), 2 survivors (2048K)
 Metaspace       used 62351K, committed 64064K, reserved 1114112K
  class space    used 8380K, committed 9216K, reserved 1048576K
}
Event: 18.230 GC heap before
{Heap before GC invocations=19 (full 0):
 garbage-first heap   total 121856K, used 111259K [0x0000000080000000, 0x0000000100000000)
  region size 1024K, 35 young (35840K), 2 survivors (2048K)
 Metaspace       used 67027K, committed 68672K, reserved 1114112K
  class space    used 9084K, committed 9920K, reserved 1048576K
}
Event: 18.239 GC heap after
{Heap after GC invocations=20 (full 0):
 garbage-first heap   total 121856K, used 79486K [0x0000000080000000, 0x0000000100000000)
  region size 1024K, 4 young (4096K), 4 survivors (4096K)
 Metaspace       used 67027K, committed 68672K, reserved 1114112K
  class space    used 9084K, committed 9920K, reserved 1048576K
}
Event: 19.406 GC heap before
{Heap before GC invocations=21 (full 0):
 garbage-first heap   total 133120K, used 110206K [0x0000000080000000, 0x0000000100000000)
  region size 1024K, 34 young (34816K), 4 survivors (4096K)
 Metaspace       used 70285K, committed 72000K, reserved 1114112K
  class space    used 9614K, committed 10432K, reserved 1048576K
}
Event: 19.413 GC heap after
{Heap after GC invocations=22 (full 0):
 garbage-first heap   total 133120K, used 80968K [0x0000000080000000, 0x0000000100000000)
  region size 1024K, 4 young (4096K), 4 survivors (4096K)
 Metaspace       used 70285K, committed 72000K, reserved 1114112K
  class space    used 9614K, committed 10432K, reserved 1048576K
}

